C51 COMPILER V9.59.0.0   MAIN                                                              06/02/2019 15:24:28 PAGE 1   


C51 COMPILER V9.59.0.0, COMPILATION OF MODULE MAIN
OBJECT MODULE PLACED IN main.OBJ
COMPILER INVOKED BY: D:\Program Files (x86)\Keil\C51\BIN\C51.EXE main.c OPTIMIZE(8,SPEED) BROWSE DEBUG OBJECTEXTEND TABS
                    -(2)

line level    source

   1          /******************** (C) COPRIGHT 2019 Crownto electronic **************************
   2           * 文件名  ：main.c
   3           * 描述    ：        
   4           * 硬件连接：
   5           * ADC0809:OE -> P1.0; EOC -> P1.1; ST -> P1.2;CLK -> P1.3; A -> P1.4; B -> P1.5; C->P1.6;
   6           *         OUT1~OUT8 -> P3口
   7           * LCD1602:RS -> P0.0; RW -> P0.1; E -> P0.2;
   8           *         D0~D7 -> P2口
   9           * PH模块: VCC -> 5V; GND -> GND; PO -> IN3;
  10           *
  11           * 实验平台：
  12           *
  13           * 作者    ：冠拓电子
  14           * 淘宝    ：https://shop376667309.taobao.com
  15           * 网址    ：www.crownto.cn
  16          **********************************************************************************/
  17          #include <reg52.h>
  18          #include <adc0809.h>
  19          #include <1602.h>
  20          #include <intrins.h>
  21          #include <math.h>
  22          unsigned char disbuff[5]={0};
  23          uint num;
  24          float PH_V ,PH;
  25          /**************延时1s函数***************/
  26          void Delay_1s()
  27          {
  28   1           unsigned char a,b,c;
  29   1          for(c=167;c>0;c--)
  30   1              for(b=171;b>0;b--)
  31   1                  for(a=16;a>0;a--);
  32   1      }
  33          
  34          /**************PH值采集函数***************/
  35          void PH_Collection()
  36          {
  37   1        Red_0809 () ;
  38   1        PH_V =num * 5.0 / 256;
  39   1        PH=-5.887*PH_V+21.677;
  40   1        if(PH<=0){PH=0;}
  41   1        if(PH>=14){PH=14;}
  42   1      }
  43          /**************PH值显示函数***************/
  44          void PH_Display()
  45          {
  46   1         
  47   1        disbuff[0]=(int)(PH*100)/1000+'0';
  48   1        disbuff[1]=(int)(PH*100)%1000/100+'0';  
  49   1        disbuff[2]='.';
  50   1        disbuff[3]=(int)(PH*100)%100/10+'0';
  51   1        disbuff[4]=(int)(PH*100)%10+'0';
  52   1      
  53   1        DisplaySingleChar(0x0,1,'P');
  54   1        DisplaySingleChar(0x1,1,'H');
C51 COMPILER V9.59.0.0   MAIN                                                              06/02/2019 15:24:28 PAGE 2   

  55   1        DisplaySingleChar(0x2,1,'=');
  56   1        DisplaySingleChar(0x3,1,disbuff[0]);
  57   1        DisplaySingleChar(0x4,1,disbuff[1]);
  58   1        DisplaySingleChar(0x5,1,disbuff[2]);
  59   1        DisplaySingleChar(0x6,1,disbuff[3]);
  60   1        DisplaySingleChar(0x7,1,disbuff[4]);
  61   1      } 
  62          
  63          /**************主函数***************/
  64          void main()
  65          {   
  66   1        TMOD = 0x02; //中断初始化，adc0809产生时钟信号
  67   1        TH0  = 0x14;
  68   1        TL0  = 0x00;
  69   1        IE   = 0x82;
  70   1        TR0  = 1;
  71   1        P1   = 0x3f;
  72   1        LCDInit();   //LCD初始化
  73   1        DisplayString(0x0,0,"  Welcome  PH   ");
  74   1        DisplayString(0x0,1,"Detection system");
  75   1        Delay_1s();
  76   1        WriteCmd(LCD_CLS);     //清屏
  77   1        
  78   1        while(1)
  79   1        {
  80   2            PH_Collection();
  81   2            PH_Display();
  82   2        }
  83   1      }
  84          
  85          void Timer0_INT() interrupt 1
  86          {
  87   1        CLK = !CLK;
  88   1      }


MODULE INFORMATION:   STATIC OVERLAYABLE
   CODE SIZE        =    455    ----
   CONSTANT SIZE    =     34    ----
   XDATA SIZE       =   ----    ----
   PDATA SIZE       =   ----    ----
   DATA SIZE        =     15    ----
   IDATA SIZE       =   ----    ----
   BIT SIZE         =   ----    ----
END OF MODULE INFORMATION.


C51 COMPILATION COMPLETE.  0 WARNING(S),  0 ERROR(S)
