C51 COMPILER V9.60.0.0   DELAY                                                             07/01/2021 15:16:08 PAGE 1   


C51 COMPILER V9.60.0.0, COMPILATION OF MODULE DELAY
OBJECT MODULE PLACED IN .\list\delay.obj
COMPILER INVOKED BY: C:\Keil_v5\C51\BIN\C51.EXE delay.c OPTIMIZE(8,SPEED) BROWSE DEBUG OBJECTEXTEND PRINT(.\list\delay.l
                    -st) TABS(2) OBJECT(.\list\delay.obj)

line level    source

   1          
   2          /*------------------------------------------------------------------*/
   3          /* --- STC MCU International Limited -------------------------------*/
   4          /* --- STC 1T Series MCU RC Demo -----------------------------------*/
   5          /* --- Mobile: (86)13922805190 -------------------------------------*/
   6          /* --- Fax: 86-0513-55012956,55012947,55012969 ---------------------*/
   7          /* --- Tel: 86-0513-55012928,55012929,55012966 ---------------------*/
   8          /* --- Web: www.GXWMCU.com -----------------------------------------*/
   9          /* --- QQ:  800003751 ----------------------------------------------*/
  10          /* If you want to use the program or the program referenced in the  */
  11          /* article, please specify in which data and procedures from STC    */
  12          /*------------------------------------------------------------------*/
  13          
  14          /*************  功能说明  **************
  15          
  16          本文件为STC15xxx系列的延时程序,用户几乎可以不修改这个程序.
  17          
  18          
  19          ******************************************/
  20          
  21          #include  "delay.h"
  22          #include "intrins.h"
  23          
  24          
  25          //========================================================================
  26          // 函数: void  delay_ms(unsigned char ms)
  27          // 描述: 延时函数。
  28          // 参数: ms,要延时的ms数, 这里只支持1~255ms. 自动适应主时钟.
  29          // 返回: none.
  30          // 版本: VER1.0
  31          // 日期: 2013-4-1
  32          // 备注: 
  33          //========================================================================
  34          /*void  delay_ms(unsigned char ms)
  35          {
  36               unsigned int i;
  37             do{
  38                  i = MAIN_Fosc / 13000;
  39                while(--i)  ;   //14T per loop
  40               }while(--ms);
  41          }*/
  42          
  43          /***延时子程序ms(11.0592MHz 1T)****/
  44          void delay_ms(unsigned int k)
  45          {
  46   1              unsigned int i,j;
  47   1              for(i=k;i>0;i--)
  48   1                      for(j=829;j>0;j--);
  49   1      }
  50          
  51          void delay_us(unsigned int j)
  52          {
  53   1        unsigned int i;
  54   1        for(i=0; i<j; i++)
C51 COMPILER V9.60.0.0   DELAY                                                             07/01/2021 15:16:08 PAGE 2   

  55   1        _nop_();
  56   1      }
  57          


MODULE INFORMATION:   STATIC OVERLAYABLE
   CODE SIZE        =     49    ----
   CONSTANT SIZE    =   ----    ----
   XDATA SIZE       =   ----    ----
   PDATA SIZE       =   ----    ----
   DATA SIZE        =   ----    ----
   IDATA SIZE       =   ----    ----
   BIT SIZE         =   ----    ----
END OF MODULE INFORMATION.


C51 COMPILATION COMPLETE.  0 WARNING(S),  0 ERROR(S)
