C51 COMPILER V9.59.0.0   PH_CAIJI                                                          06/06/2020 10:26:40 PAGE 1   


C51 COMPILER V9.59.0.0, COMPILATION OF MODULE PH_CAIJI
OBJECT MODULE PLACED IN .\Objects\PH_caiji.obj
COMPILER INVOKED BY: D:\Program Files (x86)\Keil\C51\BIN\C51.EXE user\PH_caiji.c OPTIMIZE(8,SPEED) BROWSE INCDIR(.\user)
                    - DEBUG OBJECTEXTEND PRINT(.\Listings\PH_caiji.lst) TABS(2) OBJECT(.\Objects\PH_caiji.obj)

line level    source

   1          /********************(C) COPRIGHT 2019 Crownto electronic **************************
   2           * 文件名  ：main.c
   3           * 描述    ：        
   4           * 硬件连接：
   5           * PCF8591:VCC -> 5V; GND -> GND; SCL -> P1.6;SDA -> P1.7; 
   6           *         OUT1~OUT8 -> P3口
   7           * OLED :CS -> P2.4; RST -> P2.2; DC -> P2.3;SCL -> P2.0;SDIN -> P2.1;
   8           *         D0~D7 -> P0口
   9           * PH模块: VCC -> 5V; GND -> GND; PO -> AIN0;
  10           *
  11           * 功能描述：测量PH值液晶显示；
  12                       串口接收测量所得的PH值（波特率9600）；
  13           *           可连接上位机显示PH值；
  14           * 作者    ：冠拓电子
  15           * 淘宝    ：https://shop376667309.taobao.com
  16           * 网址    ：www.crownto.cn
  17          **********************************************************************************/
  18          
  19          #include <reg52.h>
  20          #include <include.h>
  21          
  22          typedef unsigned char uchar;
  23          typedef unsigned char uint;
  24          
  25          /**************外部变量定义************************/
  26          int num=0; 
  27          /**************变量定义***************************/
  28          double PH=0.0;
  29          unsigned char disbuff[5]={0};
  30          double ADC_Voltage=0.0;
  31          /*
  32           * 函数名：delay_1s
  33           * 描述  ：延时函数1s
  34           *         
  35           * 输入  ：unsigned int time：延时量
  36           * 输出  ：无
  37           * 说明  ：液晶显示用延时函数
  38           */
  39          void delay_1s()   //延时1s
  40          {
  41   1        unsigned char i, j, k;
  42   1      
  43   1        _nop_();
  44   1        i = 8;
  45   1        j = 1;
  46   1        k = 243;
  47   1        do
  48   1        {
  49   2          do
  50   2          {
  51   3            while (--k);
  52   3          } while (--j);
  53   2        } while (--i);
  54   1      } 
C51 COMPILER V9.59.0.0   PH_CAIJI                                                          06/06/2020 10:26:40 PAGE 2   

  55          
  56          /*
  57           * 函数名：Get_Voltage_Value
  58           * 描述  ：获取PCF8591的转换电压值
  59           */
  60          void Get_Voltage_Value()
  61          {
  62   1            ISendByte(PCF8591,0x40);
  63   1            num=IRcvByte(PCF8591);  //ADC0 模数转换1      PH电极
  64   1            ADC_Voltage =num * 5.0/ 255;  //转换为电压值
  65   1      }
  66          /*
  67           * 函数名：Character_Conversion
  68           * 描述  ：延时函数
  69           *         
  70           * 输入  ：unsigned char n：延时量
  71           * 输出  ：无
  72           * 说明  ：
  73           */
  74          void PH_Value_Conversion()
  75          { 
  76   1        PH=-5.887*ADC_Voltage+21.677;
  77   1        
  78   1        if(PH<=0){PH=0;}
  79   1        if(PH>=14){PH=14;}
  80   1          
  81   1         /*显示酸碱度*/
  82   1        disbuff[0]=(int)(PH*100)/1000+'0';
  83   1        disbuff[1]=(int)(PH*100)%1000/100+'0';  
  84   1        disbuff[2]='.';
  85   1        disbuff[3]=(int)(PH*100)%100/10+'0';
  86   1        disbuff[4]=(int)(PH*100)%10+'0';
  87   1        
  88   1      }
  89          void display_value()
  90          {
  91   1        
  92   1        /*显示 PH 浓度值*/
  93   1        OLED_ShowChar(24,2,disbuff[0]);//显示ASCII字符
  94   1        OLED_ShowChar(33,2,disbuff[1]);//显示ASCII字符
  95   1        OLED_ShowChar(42,2,disbuff[2]);//显示ASCII字符
  96   1        OLED_ShowChar(51,2,disbuff[3]);//显示ASCII字符  
  97   1        OLED_ShowChar(60,2,disbuff[4]);//显示ASCII字符  
  98   1      }
  99          void StartUART( void )
 100          {               //波特率9600
 101   1           SCON = 0x50;
 102   1           TMOD = 0x20;
 103   1           TH1 = 0xFD;
 104   1           TL1 = 0xFD; 
 105   1           PCON = 0x00;
 106   1           TR1 = 1;
 107   1      }
 108          //**********通过串口将接收到数据发送给PC端**************
 109          void R_S_Byte(uchar R_Byte)
 110          { 
 111   1         SBUF = R_Byte;  
 112   1           while( TI == 0 );        //查询法
 113   1           TI = 0;    
 114   1      }
 115          /*
 116           * 函数名：main
C51 COMPILER V9.59.0.0   PH_CAIJI                                                          06/06/2020 10:26:40 PAGE 3   

 117           * 描述  ：主函数
 118           * 输入  ：无
 119           * 输出  ：无
 120           */
 121          void main(void)
 122          {
 123   1        int i;
 124   1        StartUART();
 125   1        OLED_Init();      //初始化OLED  
 126   1        OLED_Clear()    ; 
 127   1      
 128   1        
 129   1        OLED_ShowCHinese(0,0,0);
 130   1        OLED_ShowCHinese(18,0,1);
 131   1        OLED_ShowCHinese(36,0,2);
 132   1        OLED_ShowCHinese(54,0,3);
 133   1        OLED_ShowCHinese(72,0,4);
 134   1        OLED_ShowCHinese(90,0,5);
 135   1        OLED_ShowCHinese(108,0,6);
 136   1        OLED_ShowString(0,2,"PH:"); 
 137   1        
 138   1        while(1)
 139   1        {   
 140   2              Get_Voltage_Value();
 141   2              PH_Value_Conversion();
 142   2              display_value(); 
 143   2            for(i=0;i<5;i++)
 144   2              {
 145   3                R_S_Byte(disbuff[i]);
 146   3              } 
 147   2      //        R_S_Byte('\r');//发送回车换行符
 148   2      //        R_S_Byte('\n');
 149   2              delay_1s();
 150   2        } 
 151   1      }


MODULE INFORMATION:   STATIC OVERLAYABLE
   CODE SIZE        =    493    ----
   CONSTANT SIZE    =      4    ----
   XDATA SIZE       =   ----    ----
   PDATA SIZE       =   ----    ----
   DATA SIZE        =     15    ----
   IDATA SIZE       =   ----    ----
   BIT SIZE         =   ----    ----
END OF MODULE INFORMATION.


C51 COMPILATION COMPLETE.  0 WARNING(S),  0 ERROR(S)
